This file contains any messages produced by compilers while
running configure, to aid debugging if configure makes a mistake.

It was created by FULL-PACKAGE-NAME configure VERSION, which was
generated by GNU Autoconf 2.69.  Invocation command line was

  $ ./configure 

## --------- ##
## Platform. ##
## --------- ##

hostname = yomogi
uname -m = x86_64
uname -r = 5.3.0-1-amd64
uname -s = Linux
uname -v = #1 SMP Debian 5.3.7-1 (2019-10-19)

/usr/bin/uname -p = unknown
/bin/uname -X     = unknown

/bin/arch              = x86_64
/usr/bin/arch -k       = unknown
/usr/convex/getsysinfo = unknown
/usr/bin/hostinfo      = unknown
/bin/machine           = unknown
/usr/bin/oslevel       = unknown
/bin/universe          = unknown

PATH: /home/kouf/.opam/default/bin
PATH: /home/kouf/.pyenv/shims
PATH: /home/kouf/bin
PATH: /home/kouf/.pyenv/bin
PATH: /home/kouf/.yarn/bin
PATH: /home/kouf/.roswell/bin
PATH: /home/kouf/.local/bin
PATH: /home/kouf/go_runtime/bin
PATH: /home/kouf/go/bin
PATH: /home/kouf/.cargo/bin
PATH: /snap/bin
PATH: /home/kouf/Android/Sdk/platform-tools
PATH: /home/kouf/Android/Sdk/tools/bin
PATH: /sbin
PATH: /usr/sbin
PATH: /home/kouf/.cargo/bin
PATH: /home/kouf/.pyenv/shims
PATH: /home/kouf/bin
PATH: /home/kouf/.pyenv/bin
PATH: /home/kouf/.yarn/bin
PATH: /home/kouf/.roswell/bin
PATH: /home/kouf/.local/bin
PATH: /home/kouf/go_runtime/bin
PATH: /home/kouf/go/bin
PATH: /home/kouf/.cargo/bin
PATH: /snap/bin
PATH: /home/kouf/Android/Sdk/platform-tools
PATH: /home/kouf/Android/Sdk/tools/bin
PATH: /sbin
PATH: /usr/sbin
PATH: /home/kouf/.cargo/bin
PATH: /home/kouf/bin
PATH: /usr/local/bin
PATH: /usr/bin
PATH: /bin
PATH: /usr/local/games
PATH: /usr/games
PATH: /snap/bin
PATH: /home/kouf/.dotnet/tools
PATH: /home/kouf/.fzf/bin


## ----------- ##
## Core tests. ##
## ----------- ##

configure:2320: checking for a BSD-compatible install
configure:2388: result: /usr/bin/install -c
configure:2399: checking whether build environment is sane
configure:2454: result: yes
configure:2603: checking for a thread-safe mkdir -p
configure:2642: result: /usr/bin/mkdir -p
configure:2649: checking for gawk
configure:2665: found /usr/bin/gawk
configure:2676: result: gawk
configure:2687: checking whether make sets $(MAKE)
configure:2709: result: yes
configure:2738: checking whether make supports nested variables
configure:2755: result: yes
configure:2934: checking for gcc
configure:2950: found /usr/bin/gcc
configure:2961: result: gcc
configure:3190: checking for C compiler version
configure:3199: gcc --version >&5
gcc (Debian 9.2.1-14) 9.2.1 20191025
Copyright (C) 2019 Free Software Foundation, Inc.
This is free software; see the source for copying conditions.  There is NO
warranty; not even for MERCHANTABILITY or FITNESS FOR A PARTICULAR PURPOSE.

configure:3210: $? = 0
configure:3199: gcc -v >&5
Using built-in specs.
COLLECT_GCC=gcc
COLLECT_LTO_WRAPPER=/usr/lib/gcc/x86_64-linux-gnu/9/lto-wrapper
OFFLOAD_TARGET_NAMES=nvptx-none:hsa
OFFLOAD_TARGET_DEFAULT=1
Target: x86_64-linux-gnu
Configured with: ../src/configure -v --with-pkgversion='Debian 9.2.1-14' --with-bugurl=file:///usr/share/doc/gcc-9/README.Bugs --enable-languages=c,ada,c++,go,brig,d,fortran,objc,obj-c++,gm2 --prefix=/usr --with-gcc-major-version-only --program-suffix=-9 --program-prefix=x86_64-linux-gnu- --enable-shared --enable-linker-build-id --libexecdir=/usr/lib --without-included-gettext --enable-threads=posix --libdir=/usr/lib --enable-nls --enable-bootstrap --enable-clocale=gnu --enable-libstdcxx-debug --enable-libstdcxx-time=yes --with-default-libstdcxx-abi=new --enable-gnu-unique-object --disable-vtable-verify --enable-plugin --enable-default-pie --with-system-zlib --with-target-system-zlib=auto --enable-objc-gc=auto --enable-multiarch --disable-werror --with-arch-32=i686 --with-abi=m64 --with-multilib-list=m32,m64,mx32 --enable-multilib --with-tune=generic --enable-offload-targets=nvptx-none,hsa --without-cuda-driver --enable-checking=release --build=x86_64-linux-gnu --host=x86_64-linux-gnu --target=x86_64-linux-gnu
Thread model: posix
gcc version 9.2.1 20191025 (Debian 9.2.1-14) 
configure:3210: $? = 0
configure:3199: gcc -V >&5
gcc: error: unrecognized command line option '-V'
gcc: fatal error: no input files
compilation terminated.
configure:3210: $? = 1
configure:3199: gcc -qversion >&5
gcc: error: unrecognized command line option '-qversion'; did you mean '--version'?
gcc: fatal error: no input files
compilation terminated.
configure:3210: $? = 1
configure:3230: checking whether the C compiler works
configure:3252: gcc    conftest.c  >&5
configure:3256: $? = 0
configure:3304: result: yes
configure:3307: checking for C compiler default output file name
configure:3309: result: a.out
configure:3315: checking for suffix of executables
configure:3322: gcc -o conftest    conftest.c  >&5
configure:3326: $? = 0
configure:3348: result: 
configure:3370: checking whether we are cross compiling
configure:3378: gcc -o conftest    conftest.c  >&5
configure:3382: $? = 0
configure:3389: ./conftest
configure:3393: $? = 0
configure:3381: result: no
configure:3386: checking for suffix of object files
configure:3408: gcc -c   conftest.c >&5
configure:3412: $? = 0
configure:3433: result: o
configure:3437: checking whether we are using the GNU C compiler
configure:3456: gcc -c   conftest.c >&5
configure:3456: $? = 0
configure:3465: result: yes
configure:3474: checking whether gcc accepts -g
configure:3494: gcc -c -g  conftest.c >&5
configure:3494: $? = 0
configure:3535: result: yes
configure:3552: checking for gcc option to accept ISO C89
configure:3615: gcc  -c -g -O2  conftest.c >&5
configure:3615: $? = 0
configure:3628: result: none needed
configure:3653: checking whether gcc understands -c and -o together
configure:3675: gcc -c conftest.c -o conftest2.o
configure:3678: $? = 0
configure:3675: gcc -c conftest.c -o conftest2.o
configure:3678: $? = 0
configure:3690: result: yes
configure:3710: checking whether make supports the include directive
configure:3725: make -f confmf.GNU && cat confinc.out
this is the am__doit target
configure:3728: $? = 0
configure:3747: result: yes (GNU style)
configure:3772: checking dependency style of gcc
configure:3883: result: gcc3
configure:3976: checking for pkg-config
configure:3994: found /usr/bin/pkg-config
configure:4006: result: /usr/bin/pkg-config
configure:4031: checking pkg-config is at least version 0.16
configure:4034: result: yes
configure:4047: checking for GTK+ - version >= 3.0.0
configure:4154: gcc -o conftest -g -O2 -pthread -I/usr/include/gtk-3.0 -I/usr/include/at-spi2-atk/2.0 -I/usr/include/at-spi-2.0 -I/usr/include/dbus-1.0 -I/usr/lib/x86_64-linux-gnu/dbus-1.0/include -I/usr/include/gtk-3.0 -I/usr/include/gio-unix-2.0 -I/usr/include/cairo -I/usr/include/libdrm -I/usr/include/pango-1.0 -I/usr/include/harfbuzz -I/usr/include/pango-1.0 -I/usr/include/fribidi -I/usr/include/atk-1.0 -I/usr/include/cairo -I/usr/include/pixman-1 -I/usr/include/uuid -I/usr/include/freetype2 -I/usr/include/libpng16 -I/usr/include/gdk-pixbuf-2.0 -I/usr/include/libmount -I/usr/include/blkid -I/usr/include/glib-2.0 -I/usr/lib/x86_64-linux-gnu/glib-2.0/include   conftest.c -lgtk-3 -lgdk-3 -lpangocairo-1.0 -lpango-1.0 -latk-1.0 -lcairo-gobject -lcairo -lgdk_pixbuf-2.0 -lgio-2.0 -lgobject-2.0 -lglib-2.0  >&5
configure:4154: $? = 0
configure:4154: ./conftest
configure:4154: $? = 0
configure:4168: result: yes (version 3.24.12)
configure:4231: checking for main in -lm
configure:4250: gcc -o conftest -g -O2   conftest.c -lm   >&5
configure:4250: $? = 0
configure:4259: result: yes
configure:4271: checking for main in -lz
configure:4290: gcc -o conftest -g -O2   conftest.c -lz  -lm  >&5
configure:4290: $? = 0
configure:4299: result: yes
configure:4317: checking how to run the C preprocessor
configure:4348: gcc -E  conftest.c
configure:4348: $? = 0
configure:4362: gcc -E  conftest.c
conftest.c:13:10: fatal error: ac_nonexistent.h: No such file or directory
   13 | #include <ac_nonexistent.h>
      |          ^~~~~~~~~~~~~~~~~~
compilation terminated.
configure:4362: $? = 1
configure: failed program was:
| /* confdefs.h */
| #define PACKAGE_NAME "FULL-PACKAGE-NAME"
| #define PACKAGE_TARNAME "full-package-name"
| #define PACKAGE_VERSION "VERSION"
| #define PACKAGE_STRING "FULL-PACKAGE-NAME VERSION"
| #define PACKAGE_BUGREPORT "BUG-REPORT-ADDRESS"
| #define PACKAGE_URL ""
| #define PACKAGE "full-package-name"
| #define VERSION "VERSION"
| #define HAVE_LIBM 1
| #define HAVE_LIBZ 1
| /* end confdefs.h.  */
| #include <ac_nonexistent.h>
configure:4387: result: gcc -E
configure:4407: gcc -E  conftest.c
configure:4407: $? = 0
configure:4421: gcc -E  conftest.c
conftest.c:13:10: fatal error: ac_nonexistent.h: No such file or directory
   13 | #include <ac_nonexistent.h>
      |          ^~~~~~~~~~~~~~~~~~
compilation terminated.
configure:4421: $? = 1
configure: failed program was:
| /* confdefs.h */
| #define PACKAGE_NAME "FULL-PACKAGE-NAME"
| #define PACKAGE_TARNAME "full-package-name"
| #define PACKAGE_VERSION "VERSION"
| #define PACKAGE_STRING "FULL-PACKAGE-NAME VERSION"
| #define PACKAGE_BUGREPORT "BUG-REPORT-ADDRESS"
| #define PACKAGE_URL ""
| #define PACKAGE "full-package-name"
| #define VERSION "VERSION"
| #define HAVE_LIBM 1
| #define HAVE_LIBZ 1
| /* end confdefs.h.  */
| #include <ac_nonexistent.h>
configure:4450: checking for grep that handles long lines and -e
configure:4508: result: /usr/bin/grep
configure:4513: checking for egrep
configure:4575: result: /usr/bin/grep -E
configure:4580: checking for ANSI C header files
configure:4600: gcc -c -g -O2  conftest.c >&5
configure:4600: $? = 0
configure:4673: gcc -o conftest -g -O2   conftest.c -lz -lm  >&5
configure:4673: $? = 0
configure:4673: ./conftest
configure:4673: $? = 0
configure:4684: result: yes
configure:4697: checking for sys/types.h
configure:4697: gcc -c -g -O2  conftest.c >&5
configure:4697: $? = 0
configure:4697: result: yes
configure:4697: checking for sys/stat.h
configure:4697: gcc -c -g -O2  conftest.c >&5
configure:4697: $? = 0
configure:4697: result: yes
configure:4697: checking for stdlib.h
configure:4697: gcc -c -g -O2  conftest.c >&5
configure:4697: $? = 0
configure:4697: result: yes
configure:4697: checking for string.h
configure:4697: gcc -c -g -O2  conftest.c >&5
configure:4697: $? = 0
configure:4697: result: yes
configure:4697: checking for memory.h
configure:4697: gcc -c -g -O2  conftest.c >&5
configure:4697: $? = 0
configure:4697: result: yes
configure:4697: checking for strings.h
configure:4697: gcc -c -g -O2  conftest.c >&5
configure:4697: $? = 0
configure:4697: result: yes
configure:4697: checking for inttypes.h
configure:4697: gcc -c -g -O2  conftest.c >&5
configure:4697: $? = 0
configure:4697: result: yes
configure:4697: checking for stdint.h
configure:4697: gcc -c -g -O2  conftest.c >&5
configure:4697: $? = 0
configure:4697: result: yes
configure:4697: checking for unistd.h
configure:4697: gcc -c -g -O2  conftest.c >&5
configure:4697: $? = 0
configure:4697: result: yes
configure:4712: checking fcntl.h usability
configure:4712: gcc -c -g -O2  conftest.c >&5
configure:4712: $? = 0
configure:4712: result: yes
configure:4712: checking fcntl.h presence
configure:4712: gcc -E  conftest.c
configure:4712: $? = 0
configure:4712: result: yes
configure:4712: checking for fcntl.h
configure:4712: result: yes
configure:4712: checking for stdint.h
configure:4712: result: yes
configure:4712: checking for stdlib.h
configure:4712: result: yes
configure:4712: checking for string.h
configure:4712: result: yes
configure:4724: checking for size_t
configure:4724: gcc -c -g -O2  conftest.c >&5
configure:4724: $? = 0
configure:4724: gcc -c -g -O2  conftest.c >&5
conftest.c: In function 'main':
conftest.c:63:21: error: expected expression before ')' token
   63 | if (sizeof ((size_t)))
      |                     ^
configure:4724: $? = 1
configure: failed program was:
| /* confdefs.h */
| #define PACKAGE_NAME "FULL-PACKAGE-NAME"
| #define PACKAGE_TARNAME "full-package-name"
| #define PACKAGE_VERSION "VERSION"
| #define PACKAGE_STRING "FULL-PACKAGE-NAME VERSION"
| #define PACKAGE_BUGREPORT "BUG-REPORT-ADDRESS"
| #define PACKAGE_URL ""
| #define PACKAGE "full-package-name"
| #define VERSION "VERSION"
| #define HAVE_LIBM 1
| #define HAVE_LIBZ 1
| #define STDC_HEADERS 1
| #define HAVE_SYS_TYPES_H 1
| #define HAVE_SYS_STAT_H 1
| #define HAVE_STDLIB_H 1
| #define HAVE_STRING_H 1
| #define HAVE_MEMORY_H 1
| #define HAVE_STRINGS_H 1
| #define HAVE_INTTYPES_H 1
| #define HAVE_STDINT_H 1
| #define HAVE_UNISTD_H 1
| #define HAVE_FCNTL_H 1
| #define HAVE_STDINT_H 1
| #define HAVE_STDLIB_H 1
| #define HAVE_STRING_H 1
| /* end confdefs.h.  */
| #include <stdio.h>
| #ifdef HAVE_SYS_TYPES_H
| # include <sys/types.h>
| #endif
| #ifdef HAVE_SYS_STAT_H
| # include <sys/stat.h>
| #endif
| #ifdef STDC_HEADERS
| # include <stdlib.h>
| # include <stddef.h>
| #else
| # ifdef HAVE_STDLIB_H
| #  include <stdlib.h>
| # endif
| #endif
| #ifdef HAVE_STRING_H
| # if !defined STDC_HEADERS && defined HAVE_MEMORY_H
| #  include <memory.h>
| # endif
| # include <string.h>
| #endif
| #ifdef HAVE_STRINGS_H
| # include <strings.h>
| #endif
| #ifdef HAVE_INTTYPES_H
| # include <inttypes.h>
| #endif
| #ifdef HAVE_STDINT_H
| # include <stdint.h>
| #endif
| #ifdef HAVE_UNISTD_H
| # include <unistd.h>
| #endif
| int
| main ()
| {
| if (sizeof ((size_t)))
| 	    return 0;
|   ;
|   return 0;
| }
configure:4724: result: yes
configure:4735: checking for uint16_t
configure:4735: gcc -c -g -O2  conftest.c >&5
configure:4735: $? = 0
configure:4735: result: yes
configure:4747: checking for uint32_t
configure:4747: gcc -c -g -O2  conftest.c >&5
configure:4747: $? = 0
configure:4747: result: yes
configure:4761: checking for uint64_t
configure:4761: gcc -c -g -O2  conftest.c >&5
configure:4761: $? = 0
configure:4761: result: yes
configure:4775: checking for uint8_t
configure:4775: gcc -c -g -O2  conftest.c >&5
configure:4775: $? = 0
configure:4775: result: yes
configure:4793: checking for stdlib.h
configure:4793: result: yes
configure:4803: checking for GNU libc compatible malloc
configure:4827: gcc -o conftest -g -O2   conftest.c -lz -lm  >&5
configure:4827: $? = 0
configure:4827: ./conftest
configure:4827: $? = 0
configure:4837: result: yes
configure:4860: checking for stdlib.h
configure:4860: result: yes
configure:4870: checking for GNU libc compatible realloc
configure:4894: gcc -o conftest -g -O2   conftest.c -lz -lm  >&5
configure:4894: $? = 0
configure:4894: ./conftest
configure:4894: $? = 0
configure:4904: result: yes
configure:4927: checking for memset
configure:4927: gcc -o conftest -g -O2   conftest.c -lz -lm  >&5
conftest.c:54:6: warning: conflicting types for built-in function 'memset'; expected 'void *(void *, int,  long unsigned int)' [-Wbuiltin-declaration-mismatch]
   54 | char memset ();
      |      ^~~~~~
conftest.c:42:1: note: 'memset' is declared in header '<string.h>'
   41 | # include <limits.h>
   42 | #else
configure:4927: $? = 0
configure:4927: result: yes
configure:5040: checking that generated files are newer than configure
configure:5046: result: done
configure:5069: creating ./config.status

## ---------------------- ##
## Running config.status. ##
## ---------------------- ##

This file was extended by FULL-PACKAGE-NAME config.status VERSION, which was
generated by GNU Autoconf 2.69.  Invocation command line was

  CONFIG_FILES    = 
  CONFIG_HEADERS  = 
  CONFIG_LINKS    = 
  CONFIG_COMMANDS = 
  $ ./config.status 

on yomogi

config.status:870: creating Makefile
config.status:870: creating src/Makefile
config.status:870: creating config.h
config.status:1051: config.h is unchanged
config.status:1099: executing depfiles commands
config.status:1176: cd src       && sed -e '/# am--include-marker/d' Makefile         | make -f - am--depfiles
make: Nothing to be done for 'am--depfiles'.
config.status:1181: $? = 0

## ---------------- ##
## Cache variables. ##
## ---------------- ##

ac_cv_c_compiler_gnu=yes
ac_cv_c_uint16_t=yes
ac_cv_c_uint32_t=yes
ac_cv_c_uint64_t=yes
ac_cv_c_uint8_t=yes
ac_cv_env_CC_set=
ac_cv_env_CC_value=
ac_cv_env_CFLAGS_set=
ac_cv_env_CFLAGS_value=
ac_cv_env_CPPFLAGS_set=
ac_cv_env_CPPFLAGS_value=
ac_cv_env_CPP_set=
ac_cv_env_CPP_value=
ac_cv_env_LDFLAGS_set=
ac_cv_env_LDFLAGS_value=
ac_cv_env_LIBS_set=
ac_cv_env_LIBS_value=
ac_cv_env_PKG_CONFIG_LIBDIR_set=
ac_cv_env_PKG_CONFIG_LIBDIR_value=
ac_cv_env_PKG_CONFIG_PATH_set=
ac_cv_env_PKG_CONFIG_PATH_value=
ac_cv_env_PKG_CONFIG_set=
ac_cv_env_PKG_CONFIG_value=
ac_cv_env_build_alias_set=
ac_cv_env_build_alias_value=
ac_cv_env_host_alias_set=
ac_cv_env_host_alias_value=
ac_cv_env_target_alias_set=
ac_cv_env_target_alias_value=
ac_cv_func_malloc_0_nonnull=yes
ac_cv_func_memset=yes
ac_cv_func_realloc_0_nonnull=yes
ac_cv_header_fcntl_h=yes
ac_cv_header_inttypes_h=yes
ac_cv_header_memory_h=yes
ac_cv_header_stdc=yes
ac_cv_header_stdint_h=yes
ac_cv_header_stdlib_h=yes
ac_cv_header_string_h=yes
ac_cv_header_strings_h=yes
ac_cv_header_sys_stat_h=yes
ac_cv_header_sys_types_h=yes
ac_cv_header_unistd_h=yes
ac_cv_lib_m_main=yes
ac_cv_lib_z_main=yes
ac_cv_objext=o
ac_cv_path_EGREP='/usr/bin/grep -E'
ac_cv_path_GREP=/usr/bin/grep
ac_cv_path_ac_pt_PKG_CONFIG=/usr/bin/pkg-config
ac_cv_path_install='/usr/bin/install -c'
ac_cv_path_mkdir=/usr/bin/mkdir
ac_cv_prog_AWK=gawk
ac_cv_prog_CPP='gcc -E'
ac_cv_prog_ac_ct_CC=gcc
ac_cv_prog_cc_c89=
ac_cv_prog_cc_g=yes
ac_cv_prog_make_make_set=yes
ac_cv_type_size_t=yes
am_cv_CC_dependencies_compiler_type=gcc3
am_cv_make_support_nested_variables=yes
am_cv_prog_cc_c_o=yes

## ----------------- ##
## Output variables. ##
## ----------------- ##

ACLOCAL='${SHELL} /home/kouf/Documents/clang/comics_viewer/missing aclocal-1.16'
AMDEPBACKSLASH='\'
AMDEP_FALSE='#'
AMDEP_TRUE=''
AMTAR='$${TAR-tar}'
AM_BACKSLASH='\'
AM_DEFAULT_V='$(AM_DEFAULT_VERBOSITY)'
AM_DEFAULT_VERBOSITY='1'
AM_V='$(V)'
AUTOCONF='${SHELL} /home/kouf/Documents/clang/comics_viewer/missing autoconf'
AUTOHEADER='${SHELL} /home/kouf/Documents/clang/comics_viewer/missing autoheader'
AUTOMAKE='${SHELL} /home/kouf/Documents/clang/comics_viewer/missing automake-1.16'
AWK='gawk'
CC='gcc'
CCDEPMODE='depmode=gcc3'
CFLAGS='-g -O2'
CPP='gcc -E'
CPPFLAGS=''
CYGPATH_W='echo'
DEFS='-DHAVE_CONFIG_H'
DEPDIR='.deps'
ECHO_C=''
ECHO_N='-n'
ECHO_T=''
EGREP='/usr/bin/grep -E'
EXEEXT=''
GREP='/usr/bin/grep'
GTK_CFLAGS='-pthread -I/usr/include/gtk-3.0 -I/usr/include/at-spi2-atk/2.0 -I/usr/include/at-spi-2.0 -I/usr/include/dbus-1.0 -I/usr/lib/x86_64-linux-gnu/dbus-1.0/include -I/usr/include/gtk-3.0 -I/usr/include/gio-unix-2.0 -I/usr/include/cairo -I/usr/include/libdrm -I/usr/include/pango-1.0 -I/usr/include/harfbuzz -I/usr/include/pango-1.0 -I/usr/include/fribidi -I/usr/include/atk-1.0 -I/usr/include/cairo -I/usr/include/pixman-1 -I/usr/include/uuid -I/usr/include/freetype2 -I/usr/include/libpng16 -I/usr/include/gdk-pixbuf-2.0 -I/usr/include/libmount -I/usr/include/blkid -I/usr/include/glib-2.0 -I/usr/lib/x86_64-linux-gnu/glib-2.0/include'
GTK_LIBS='-lgtk-3 -lgdk-3 -lpangocairo-1.0 -lpango-1.0 -latk-1.0 -lcairo-gobject -lcairo -lgdk_pixbuf-2.0 -lgio-2.0 -lgobject-2.0 -lglib-2.0'
INSTALL_DATA='${INSTALL} -m 644'
INSTALL_PROGRAM='${INSTALL}'
INSTALL_SCRIPT='${INSTALL}'
INSTALL_STRIP_PROGRAM='$(install_sh) -c -s'
LDFLAGS=''
LIBOBJS=''
LIBS='-lz -lm '
LTLIBOBJS=''
MAKEINFO='${SHELL} /home/kouf/Documents/clang/comics_viewer/missing makeinfo'
MKDIR_P='/usr/bin/mkdir -p'
OBJEXT='o'
PACKAGE='full-package-name'
PACKAGE_BUGREPORT='BUG-REPORT-ADDRESS'
PACKAGE_NAME='FULL-PACKAGE-NAME'
PACKAGE_STRING='FULL-PACKAGE-NAME VERSION'
PACKAGE_TARNAME='full-package-name'
PACKAGE_URL=''
PACKAGE_VERSION='VERSION'
PATH_SEPARATOR=':'
PKG_CONFIG='/usr/bin/pkg-config'
PKG_CONFIG_LIBDIR=''
PKG_CONFIG_PATH=''
SET_MAKE=''
SHELL='/bin/bash'
STRIP=''
VERSION='VERSION'
ac_ct_CC='gcc'
am__EXEEXT_FALSE=''
am__EXEEXT_TRUE='#'
am__fastdepCC_FALSE='#'
am__fastdepCC_TRUE=''
am__include='include'
am__isrc=''
am__leading_dot='.'
am__nodep='_no'
am__quote=''
am__tar='$${TAR-tar} chof - "$$tardir"'
am__untar='$${TAR-tar} xf -'
bindir='${exec_prefix}/bin'
build_alias=''
datadir='${datarootdir}'
datarootdir='${prefix}/share'
docdir='${datarootdir}/doc/${PACKAGE_TARNAME}'
dvidir='${docdir}'
exec_prefix='${prefix}'
host_alias=''
htmldir='${docdir}'
includedir='${prefix}/include'
infodir='${datarootdir}/info'
install_sh='${SHELL} /home/kouf/Documents/clang/comics_viewer/install-sh'
libdir='${exec_prefix}/lib'
libexecdir='${exec_prefix}/libexec'
localedir='${datarootdir}/locale'
localstatedir='${prefix}/var'
mandir='${datarootdir}/man'
mkdir_p='$(MKDIR_P)'
oldincludedir='/usr/include'
pdfdir='${docdir}'
prefix='/usr/local'
program_transform_name='s,x,x,'
psdir='${docdir}'
runstatedir='${localstatedir}/run'
sbindir='${exec_prefix}/sbin'
sharedstatedir='${prefix}/com'
sysconfdir='${prefix}/etc'
target_alias=''

## ----------- ##
## confdefs.h. ##
## ----------- ##

/* confdefs.h */
#define PACKAGE_NAME "FULL-PACKAGE-NAME"
#define PACKAGE_TARNAME "full-package-name"
#define PACKAGE_VERSION "VERSION"
#define PACKAGE_STRING "FULL-PACKAGE-NAME VERSION"
#define PACKAGE_BUGREPORT "BUG-REPORT-ADDRESS"
#define PACKAGE_URL ""
#define PACKAGE "full-package-name"
#define VERSION "VERSION"
#define HAVE_LIBM 1
#define HAVE_LIBZ 1
#define STDC_HEADERS 1
#define HAVE_SYS_TYPES_H 1
#define HAVE_SYS_STAT_H 1
#define HAVE_STDLIB_H 1
#define HAVE_STRING_H 1
#define HAVE_MEMORY_H 1
#define HAVE_STRINGS_H 1
#define HAVE_INTTYPES_H 1
#define HAVE_STDINT_H 1
#define HAVE_UNISTD_H 1
#define HAVE_FCNTL_H 1
#define HAVE_STDINT_H 1
#define HAVE_STDLIB_H 1
#define HAVE_STRING_H 1
#define HAVE_STDLIB_H 1
#define HAVE_MALLOC 1
#define HAVE_STDLIB_H 1
#define HAVE_REALLOC 1
#define HAVE_MEMSET 1

configure: exit 0

## ---------------------- ##
## Running config.status. ##
## ---------------------- ##

This file was extended by FULL-PACKAGE-NAME config.status VERSION, which was
generated by GNU Autoconf 2.69.  Invocation command line was

  CONFIG_FILES    = 
  CONFIG_HEADERS  = 
  CONFIG_LINKS    = 
  CONFIG_COMMANDS = 
  $ ./config.status Makefile

on yomogi

config.status:870: creating Makefile
